[enterslice.com/learning/difference-between-audit-and-assurance/index.html]
[enterslice.com/learning/wp-content/plugins/litespeed-cache/assets/js/webfontloader.min.js]
[enterslice.com/learning/wp-content/litespeed/css/e91b76c6abeeb7738fba50ad24104900981b.css]
[cdn.jsdelivr.net/npm/bootstrap@5.2.3/dist/css/bootstrap.min.css]
[enterslice.com/learning/wp-includes/js/jquery/jquery.min.js]
[enterslice.com/learning/wp-content/uploads/2016/11/fav.png]
[enterslice.com/admin/style/images/logo_logo.png]
[enterslice.com/img/call-icon.png]
[enterslice.com/img/whatsapp-icon.png]
[enterslice.com/img/search-icon.png]
[enterslice.com/img/search-white.png]
[enterslice.com/img/cross.png]
[enterslice.com/img/user-icon.png]
[enterslice.com/img/globe-icon.png]
[enterslice.com/img/india.png]
[enterslice.com/img/us.png]
[enterslice.com/img/sg.png]
[enterslice.com/img/vg.png]
[enterslice.com/img/ky.png]
[enterslice.com/img/pa.png]
[enterslice.com/img/bm.png]
[enterslice.com/img/nl.png]
[enterslice.com/img/ch.png]
[enterslice.com/img/lu.png]
[enterslice.com/img/gi.png]
[enterslice.com/img/hk.png]
[enterslice.com/img/je.png]
[enterslice.com/img/ai.png]
[enterslice.com/img/bd.png]
[enterslice.com/img/mm.png]
[enterslice.com/img/lk.png]
[enterslice.com/img/vn.png]
[enterslice.com/img/bz.png]
[enterslice.com/img/kh.png]
[enterslice.com/img/id.png]
[enterslice.com/img/th.png]
[enterslice.com/img/ph.png]
[enterslice.com/img/lr.png]
[enterslice.com/img/bs.png]
[enterslice.com/img/no.png]
[enterslice.com/img/pl.png]
[enterslice.com/img/tr.png]
[enterslice.com/img/sa.png]
[enterslice.com/img/kn.png]
[enterslice.com/img/uk.png]
[enterslice.com/img/il.png]
[enterslice.com/img/de.png]
[enterslice.com/img/au.png]
[enterslice.com/img/ie.png]
[enterslice.com/img/jp.png]
[enterslice.com/img/ca.png]
[enterslice.com/img/nz.png]
[enterslice.com/img/fr.png]
[enterslice.com/img/my.png]
[enterslice.com/img/cn.png]
[enterslice.com/img/gr.png]
[enterslice.com/img/ru.png]
[enterslice.com/img/ae.png]
[enterslice.com/img/menu-bar-icon.png]
[enterslice.com/img/Login-icon.png]
[enterslice.com/img/about-icon.png]
[enterslice.com/img/blog-icon.png]
[enterslice.com/img/media-icon.png]
[enterslice.com/img/team-icon.png]
[enterslice.com/img/partner-icon.png]
[enterslice.com/img/contact-icon.png]
[enterslice.com/img/talk-icon.gif]
[enterslice.com/img/calender-icon.png]
[enterslice.com/learning/wp-content/themes/enterslice-2023/img/calender-icon.png]
[enterslice.com/learning/wp-content/uploads/2017/12/pexels-photo-106344-1.jpg]
[enterslice.com/img/back-to-top.png]
[enterslice.com/img/payment-icon1.png]
[enterslice.com/img/payment-icon2.png]
[enterslice.com/img/payment-icon3.png]
[enterslice.com/img/payment-icon4.png]
[enterslice.com/img/payment-icon5.png]
[enterslice.com/img/payment-img1.png]
[enterslice.com/img/payment-img2.png]
[enterslice.com/img/facebook-white.png]
[enterslice.com/img/twitter-white.png]
[enterslice.com/img/linkedin-white.png]
[enterslice.com/img/youtube-white.png]
[enterslice.com/img/chat.png]
[enterslice.com/img/whatsapp.png]
[enterslice.com/img/user.jpg]
[cdn.jsdelivr.net/npm/bootstrap@5.2.3/dist/js/bootstrap.bundle.min.js]
[cdnjs.cloudflare.com/ajax/libs/jquery/3.6.0/jquery.min.js]
[cdn.jsdelivr.net/npm/@popperjs/core@2.11.6/dist/umd/popper.min.js]
[cdnjs.cloudflare.com/ajax/libs/OwlCarousel2/2.3.4/owl.carousel.min.js]
[enterslice.com/learning/wp-content/litespeed/js/274667f338e9f82dcc9ba43527e0b3f1981b.js]
[enterslice.com/learning/difference-between-audit-and-assurance/index.html]
[enterslice.com/learning/wp-content/plugins/litespeed-cache/assets/js/webfontloader.min.html]
[enterslice.com/cdn-cgi/scripts/7d0fa10a/cloudflare-static/rocket-loader.min.js]
[enterslice.com/learning/wp-content/themes/enterslice-2023/img/main-banner.png]
[enterslice.com/learning/wp-content/themes/enterslice-2023/img/service-inner-icon1.png]
[enterslice.com/learning/wp-content/themes/enterslice-2023/img/owl-right-icon.png]
[enterslice.com/learning/wp-content/themes/enterslice-2023/img/owl-left-icon.png]
[enterslice.com/learning/wp-content/themes/enterslice-2023/img/subscribe-banner.png]
[enterslice.com/learning/wp-content/themes/enterslice-2023/img/counter-banner.png]
[enterslice.com/learning/wp-content/themes/enterslice-2023/img/package-icon.png]
[enterslice.com/learning/wp-content/themes/enterslice-2023/img/package-cirlce-icon.png]
[enterslice.com/learning/wp-content/themes/enterslice-2023/img/inner-back-bg.png]
[enterslice.com/learning/wp-content/themes/enterslice-2023/img/partner-tick-icon.png]
[enterslice.com/learning/wp-content/themes/enterslice-2023/img/right-blue-tick.png]
[enterslice.com/learning/wp-content/themes/enterslice-2023/img/contact-us-banner.png]
[enterslice.com/learning/wp-content/themes/enterslice-2023/img/location-icon.png]
[enterslice.com/learning/wp-content/themes/enterslice-2023/img/country-service-banner.png]
[enterslice.com/learning/wp-content/themes/enterslice-2023/img/login-side-img.png]
[enterslice.com/learning/wp-content/themes/enterslice-2023/img/banner-offer.png]
[enterslice.com/learning/wp-content/litespeed/css/e91b76c6abeeb7738fba50ad24104900981b.css]
[cdn.jsdelivr.net/npm/bootstrap@5.2.3/dist/css/bootstrap.min.css]
[enterslice.com/learning/wp-includes/js/jquery/jquery.min.html]
[enterslice.com/learning/wp-content/litespeed/js/274667f338e9f82dcc9ba43527e0b3f1981b.html]
[enterslice.com/learning/wp-content/themes/enterslice-2023/img/package-icon.html]
[enterslice.com/learning/wp-content/themes/enterslice-2023/img/package-cirlce-icon.html]
[enterslice.com/learning/wp-content/themes/enterslice-2023/img/partner-tick-icon.html]
[enterslice.com/learning/wp-content/themes/enterslice-2023/img/contact-us-banner.html]
[enterslice.com/learning/wp-content/themes/enterslice-2023/img/location-icon.html]
[enterslice.com/learning/wp-content/themes/enterslice-2023/img/country-service-banner.html]
[enterslice.com/learning/wp-content/themes/enterslice-2023/img/login-side-img.html]
